2013-10-18 13:06:28:1 RELEASE 业务程序初始化!
2013-10-18 13:06:28:1 RELEASE 101事件,MyProcessController启动!
2013-10-18 13:06:28:1 RELEASE 101事件,成功获得日志等级:RELEASE
2013-10-18 13:09:26:5 RELEASE 程序发生致命错误！终止运行错误描述注册出现错误
System.Exception: 未发现任何业务服务!
   在 GCL.Project.MyProcessController.BClass.Init() 位置 F:\baibing\work\GCL\GCL.Project.MyProcessController\BClass.cs:行号 79
2013-10-18 13:09:33:7 RELEASE 业务程序清除资源完成运行！
2013-10-18 13:10:10:0 RELEASE 业务程序初始化!
2013-10-18 13:10:10:0 RELEASE 101事件,MyProcessController启动!
2013-10-18 13:10:10:1 RELEASE 101事件,成功获得日志等级:RELEASE
2013-10-18 13:11:32:5 RELEASE 程序发生致命错误！终止运行错误描述注册出现错误
System.Exception: 未发现任何业务服务!
   在 GCL.Project.MyProcessController.BClass.Init() 位置 F:\baibing\work\GCL\GCL.Project.MyProcessController\BClass.cs:行号 77
2013-10-18 13:11:42:1 RELEASE 业务程序清除资源完成运行！
2013-10-18 13:12:41:0 RELEASE 业务程序初始化!
2013-10-18 13:12:41:0 RELEASE 101事件,MyProcessController启动!
2013-10-18 13:12:41:0 RELEASE 101事件,成功获得日志等级:RELEASE
2013-10-18 13:19:27:6 RELEASE 业务程序初始化!
2013-10-18 13:19:27:6 RELEASE 101事件,MyProcessController启动!
2013-10-18 13:19:27:6 RELEASE 101事件,成功获得日志等级:RELEASE
2013-10-18 13:19:27:8 RELEASE 程序发生致命错误！终止运行错误描述注册出现错误
GCL.Bean.Middler.MiddlerException: Dll:COMPServer.dll
Type:COMPServer.PlatServer.OtherPlatReceiveNormalPoolServer
method:Constructor
para1:	GCL.Project.MyProcessController.XMLMSMQPoolServerStaregy
para2:	FormatName:DIRECT=TCP:10.120.10.52\private$\platproc
para3:	FormatName:DIRECT=TCP:10.120.10.52\private$\platsend
para4:	FormatName:DIRECT=TCP:10.120.10.52\private$\platsync
para5:	1
para6:	500
para7:	10
para8:	500
para9:	10000
para10:	500
 ---> System.Reflection.TargetInvocationException: 调用的目标发生了异常。 ---> System.NullReferenceException: 未将对象引用设置到对象的实例。
   在 COMPServer.PlatServer.OtherPlatReceiveNormalPoolServer..ctor(MSMQPoolServerStaregy staregy, String procmsmq, String sendmsmq, String syncmsmq, Int32 createrNum, Int32 createrWaittime, Int32 customerNum, Int32 customerWaittime, Int32 refreshWaittime, Int32 createWaitTime) 位置 F:\baibing\work\CMOP\CMOP\CMOPModules\COMPServer\PlatServer\OtherPlatReceiveNormalPoolServer.cs:行号 32
   --- 内部异常堆栈跟踪的结尾 ---
   在 System.RuntimeMethodHandle._InvokeConstructor(IRuntimeMethodInfo method, Object[] args, SignatureStruct& signature, RuntimeType declaringType)
   在 System.Reflection.RuntimeConstructorInfo.Invoke(BindingFlags invokeAttr, Binder binder, Object[] parameters, CultureInfo culture)
   在 System.RuntimeType.CreateInstanceImpl(BindingFlags bindingAttr, Binder binder, Object[] args, CultureInfo culture, Object[] activationAttributes)
   在 GCL.Bean.BeanTool.CreateInstance(String assemblyName, String typeName, Object[] paras) 位置 F:\baibing\work\GCL\GCL\Bean\BeanTool.cs:行号 915
   在 GCL.Bean.Middler.ConstructorCreater.GetObject() 位置 F:\baibing\work\GCL\GCL\Bean\Middler\ConstructorCreater.cs:行号 19
   --- 内部异常堆栈跟踪的结尾 ---
   在 GCL.Bean.Middler.ConstructorCreater.GetObject() 位置 F:\baibing\work\GCL\GCL\Bean\Middler\ConstructorCreater.cs:行号 26
   在 GCL.Bean.Middler.AObjectContainer.CreateObject() 位置 F:\baibing\work\GCL\GCL\Bean\Middler\AObjectContainer.cs:行号 20
   在 GCL.Bean.Middler.StaticObjectContainer.GetValue() 位置 F:\baibing\work\GCL\GCL\Bean\Middler\StaticObjectContainer.cs:行号 20
   在 GCL.Bean.Middler.MiddlerConfig.GetValueByName(String key, String name) 位置 F:\baibing\work\GCL\GCL\Bean\Middler\MiddlerConfig.cs:行号 27
   在 GCL.Bean.Middler.NameMiddlerGetParameter.GetValue(MiddlerConfig config) 位置 F:\baibing\work\GCL\GCL\Bean\Middler\MiddlerGetParameter.cs:行号 56
   在 GCL.Bean.Middler.MiddlerConfig.GetValue(Object key) 位置 F:\baibing\work\GCL\GCL\Bean\Middler\MiddlerConfig.cs:行号 20
   在 GCL.IO.Config.ConfigManager.GetConfigValue(String config, Object key) 位置 F:\baibing\work\GCL\GCL\IO\Config\ConfigManager.cs:行号 114
   在 GCL.Bean.Middler.ObjectCreaterParameter.GetValue(ConfigManager config) 位置 F:\baibing\work\GCL\GCL\Bean\Middler\CreaterParameters.cs:行号 141
   在 GCL.Bean.Middler.CreaterParameters.GetParameters() 位置 F:\baibing\work\GCL\GCL\Bean\Middler\CreaterParameters.cs:行号 38
   在 GCL.Bean.Middler.ArrayObjectContainer.GetValue() 位置 F:\baibing\work\GCL\GCL\Bean\Middler\ArrayObjectContainer.cs:行号 32
   在 GCL.Bean.Middler.MiddlerConfig.GetValueByName(String key, String name) 位置 F:\baibing\work\GCL\GCL\Bean\Middler\MiddlerConfig.cs:行号 27
   在 GCL.Bean.Middler.NameMiddlerGetParameter.GetValue(MiddlerConfig config) 位置 F:\baibing\work\GCL\GCL\Bean\Middler\MiddlerGetParameter.cs:行号 56
   在 GCL.Bean.Middler.MiddlerConfig.GetValue(Object key) 位置 F:\baibing\work\GCL\GCL\Bean\Middler\MiddlerConfig.cs:行号 20
   在 GCL.IO.Config.ConfigManager.GetConfigValue(String config, Object key) 位置 F:\baibing\work\GCL\GCL\IO\Config\ConfigManager.cs:行号 114
   在 GCL.IO.Config.ConfigProxy.GetValue(Object key) 位置 F:\baibing\work\GCL\GCL\IO\Config\ConfigProxy.cs:行号 30
   在 GCL.Bean.Middler.Middler.GetObjectsByAppName(String app, String name) 位置 F:\baibing\work\GCL\GCL\Bean\Middler\Middler.cs:行号 47
   在 GCL.Project.MyProcessController.BClass.GetObjects(String key) 位置 F:\baibing\work\GCL\GCL.Project.MyProcessController\BClass.cs:行号 28
   在 GCL.Project.MyProcessController.BClass.Init() 位置 F:\baibing\work\GCL\GCL.Project.MyProcessController\BClass.cs:行号 74
2013-10-18 13:19:31:3 RELEASE 业务程序清除资源完成运行！
2013-10-18 13:20:13:6 RELEASE 业务程序初始化!
2013-10-18 13:20:13:6 RELEASE 101事件,MyProcessController启动!
2013-10-18 13:20:13:6 RELEASE 101事件,成功获得日志等级:RELEASE
2013-10-18 13:21:41:9 RELEASE 程序发生致命错误！终止运行错误描述注册出现错误
GCL.Bean.Middler.MiddlerException: Dll:COMPServer.dll
Type:COMPServer.PlatServer.OtherPlatReceiveNormalPoolServer
method:Constructor
para1:	GCL.Project.MyProcessController.XMLMSMQPoolServerStaregy
para2:	FormatName:DIRECT=TCP:10.120.10.52\private$\platproc
para3:	FormatName:DIRECT=TCP:10.120.10.52\private$\platsend
para4:	FormatName:DIRECT=TCP:10.120.10.52\private$\platsync
para5:	1
para6:	500
para7:	10
para8:	500
para9:	10000
para10:	500
 ---> System.Reflection.TargetInvocationException: 调用的目标发生了异常。 ---> System.NullReferenceException: 未将对象引用设置到对象的实例。
   在 COMPServer.PlatServer.OtherPlatReceiveNormalPoolServer..ctor(MSMQPoolServerStaregy staregy, String procmsmq, String sendmsmq, String syncmsmq, Int32 createrNum, Int32 createrWaittime, Int32 customerNum, Int32 customerWaittime, Int32 refreshWaittime, Int32 createWaitTime) 位置 F:\baibing\work\CMOP\CMOP\CMOPModules\COMPServer\PlatServer\OtherPlatReceiveNormalPoolServer.cs:行号 32
   --- 内部异常堆栈跟踪的结尾 ---
   在 System.RuntimeMethodHandle._InvokeConstructor(IRuntimeMethodInfo method, Object[] args, SignatureStruct& signature, RuntimeType declaringType)
   在 System.Reflection.RuntimeConstructorInfo.Invoke(BindingFlags invokeAttr, Binder binder, Object[] parameters, CultureInfo culture)
   在 System.RuntimeType.CreateInstanceImpl(BindingFlags bindingAttr, Binder binder, Object[] args, CultureInfo culture, Object[] activationAttributes)
   在 GCL.Bean.BeanTool.CreateInstance(String assemblyName, String typeName, Object[] paras) 位置 F:\baibing\work\GCL\GCL\Bean\BeanTool.cs:行号 915
   在 GCL.Bean.Middler.ConstructorCreater.GetObject() 位置 F:\baibing\work\GCL\GCL\Bean\Middler\ConstructorCreater.cs:行号 19
   --- 内部异常堆栈跟踪的结尾 ---
   在 GCL.Bean.Middler.ConstructorCreater.GetObject() 位置 F:\baibing\work\GCL\GCL\Bean\Middler\ConstructorCreater.cs:行号 26
   在 GCL.Bean.Middler.AObjectContainer.CreateObject() 位置 F:\baibing\work\GCL\GCL\Bean\Middler\AObjectContainer.cs:行号 20
   在 GCL.Bean.Middler.StaticObjectContainer.GetValue() 位置 F:\baibing\work\GCL\GCL\Bean\Middler\StaticObjectContainer.cs:行号 20
   在 GCL.Bean.Middler.MiddlerConfig.GetValueByName(String key, String name) 位置 F:\baibing\work\GCL\GCL\Bean\Middler\MiddlerConfig.cs:行号 27
   在 GCL.Bean.Middler.NameMiddlerGetParameter.GetValue(MiddlerConfig config) 位置 F:\baibing\work\GCL\GCL\Bean\Middler\MiddlerGetParameter.cs:行号 56
   在 GCL.Bean.Middler.MiddlerConfig.GetValue(Object key) 位置 F:\baibing\work\GCL\GCL\Bean\Middler\MiddlerConfig.cs:行号 20
   在 GCL.IO.Config.ConfigManager.GetConfigValue(String config, Object key) 位置 F:\baibing\work\GCL\GCL\IO\Config\ConfigManager.cs:行号 114
   在 GCL.Bean.Middler.ObjectCreaterParameter.GetValue(ConfigManager config) 位置 F:\baibing\work\GCL\GCL\Bean\Middler\CreaterParameters.cs:行号 141
   在 GCL.Bean.Middler.CreaterParameters.GetParameters() 位置 F:\baibing\work\GCL\GCL\Bean\Middler\CreaterParameters.cs:行号 38
   在 GCL.Bean.Middler.ArrayObjectContainer.GetValue() 位置 F:\baibing\work\GCL\GCL\Bean\Middler\ArrayObjectContainer.cs:行号 32
   在 GCL.Bean.Middler.MiddlerConfig.GetValueByName(String key, String name) 位置 F:\baibing\work\GCL\GCL\Bean\Middler\MiddlerConfig.cs:行号 27
   在 GCL.Bean.Middler.NameMiddlerGetParameter.GetValue(MiddlerConfig config) 位置 F:\baibing\work\GCL\GCL\Bean\Middler\MiddlerGetParameter.cs:行号 56
   在 GCL.Bean.Middler.MiddlerConfig.GetValue(Object key) 位置 F:\baibing\work\GCL\GCL\Bean\Middler\MiddlerConfig.cs:行号 20
   在 GCL.IO.Config.ConfigManager.GetConfigValue(String config, Object key) 位置 F:\baibing\work\GCL\GCL\IO\Config\ConfigManager.cs:行号 114
   在 GCL.IO.Config.ConfigProxy.GetValue(Object key) 位置 F:\baibing\work\GCL\GCL\IO\Config\ConfigProxy.cs:行号 30
   在 GCL.Bean.Middler.Middler.GetObjectsByAppName(String app, String name) 位置 F:\baibing\work\GCL\GCL\Bean\Middler\Middler.cs:行号 47
   在 GCL.Project.MyProcessController.BClass.GetObjects(String key) 位置 F:\baibing\work\GCL\GCL.Project.MyProcessController\BClass.cs:行号 28
   在 GCL.Project.MyProcessController.BClass.Init() 位置 F:\baibing\work\GCL\GCL.Project.MyProcessController\BClass.cs:行号 74
2013-10-18 13:21:58:2 RELEASE 业务程序清除资源完成运行！
2013-10-18 13:31:22:9 RELEASE 业务程序初始化!
2013-10-18 13:31:22:9 RELEASE 101事件,MyProcessController启动!
2013-10-18 13:31:22:9 RELEASE 101事件,成功获得日志等级:RELEASE
2013-10-18 13:31:22:9 RELEASE 102事件,OtherPlatReceiveNormalPoolServer业务服务注册
2013-10-18 13:31:23:0 RELEASE 209事件,OtherPlatReceiveNormalPoolServer服务初始化
2013-10-18 13:31:23:0 RELEASE 210事件,OtherPlatReceiveNormalPoolServer服务准备就绪
2013-10-18 13:31:23:1 RELEASE 程序发生致命错误！终止运行错误描述OtherPlatReceiveNormalPoolServer注册出现错误
System.NullReferenceException: 未将对象引用设置到对象的实例。
   在 COMPServer.PlatServer.OtherPlatReceiveNormalPoolServer.Init() 位置 F:\baibing\work\CMOP\CMOP\CMOPModules\COMPServer\PlatServer\OtherPlatReceiveNormalPoolServer.cs:行号 36
   在 GCL.Project.MyProcessController.ABusinessServer.Init(Middler middler, Logger logger) 位置 F:\baibing\work\GCL\GCL.Project.MyProcessController\ABusinessServer.cs:行号 81
   在 GCL.Project.MyProcessController.BClass.Init() 位置 F:\baibing\work\GCL\GCL.Project.MyProcessController\BClass.cs:行号 94
2013-10-18 13:31:28:0 RELEASE 208事件,OtherPlatReceiveNormalPoolServer服务撤销
2013-10-18 13:31:28:0 RELEASE 208事件,OtherPlatReceiveNormalPoolServer服务撤销
2013-10-18 13:31:28:0 RELEASE 204事件,OtherPlatReceiveNormalPoolServer服务终止
2013-10-18 13:31:28:0 RELEASE 业务程序停止！
2013-10-18 13:31:45:5 RELEASE 业务程序启动！
2013-10-18 13:32:04:1 RELEASE 业务程序清除资源完成运行！
2013-10-18 13:34:32:1 RELEASE 业务程序初始化!
2013-10-18 13:34:32:1 RELEASE 101事件,MyProcessController启动!
2013-10-18 13:34:32:1 RELEASE 101事件,成功获得日志等级:RELEASE
2013-10-18 13:34:36:9 RELEASE 102事件,OtherPlatReceiveNormalPoolServer业务服务注册
2013-10-18 13:34:36:9 RELEASE 209事件,OtherPlatReceiveNormalPoolServer服务初始化
2013-10-18 13:34:36:9 RELEASE 210事件,OtherPlatReceiveNormalPoolServer服务准备就绪
2013-10-18 13:34:39:9 RELEASE 101事件,业务服务注册成功!
2013-10-18 13:34:39:9 RELEASE 101事件,获得执行命令行!c:\b.txt {0}
2013-10-18 13:34:39:9 RELEASE 业务程序准备就绪！
2013-10-18 13:34:39:9 RELEASE 103事件,刷新Settings列表
2013-10-18 13:35:15:0 RELEASE 业务程序启动！
2013-10-18 13:35:15:1 RELEASE 201事件,OtherPlatReceiveNormalPoolServer服务启动
2013-10-18 13:35:32:1 RELEASE 208事件,OtherPlatReceiveNormalPoolServer服务撤销
2013-10-18 13:35:32:1 RELEASE 208事件,OtherPlatReceiveNormalPoolServer服务撤销
2013-10-18 13:35:32:1 RELEASE 204事件,OtherPlatReceiveNormalPoolServer服务终止
2013-10-18 13:35:32:1 RELEASE 业务程序停止！
2013-10-18 13:35:32:2 RELEASE 业务程序清除资源完成运行！
2013-10-18 13:37:46:4 RELEASE 业务程序初始化!
2013-10-18 13:37:46:4 RELEASE 101事件,MyProcessController启动!
2013-10-18 13:37:46:4 RELEASE 101事件,成功获得日志等级:RELEASE
2013-10-18 13:37:46:4 RELEASE 102事件,OtherPlatReceiveNormalPoolServer业务服务注册
2013-10-18 13:37:46:5 RELEASE 209事件,OtherPlatReceiveNormalPoolServer服务初始化
2013-10-18 13:37:46:5 RELEASE 210事件,OtherPlatReceiveNormalPoolServer服务准备就绪
2013-10-18 13:37:46:5 RELEASE 101事件,业务服务注册成功!
2013-10-18 13:37:46:5 RELEASE 101事件,获得执行命令行!c:\b.txt {0}
2013-10-18 13:37:46:5 RELEASE 业务程序准备就绪！
2013-10-18 13:37:46:5 RELEASE 103事件,刷新Settings列表
2013-10-18 13:37:50:3 RELEASE 业务程序启动！
2013-10-18 13:37:50:3 RELEASE 201事件,OtherPlatReceiveNormalPoolServer服务启动
2013-10-18 13:38:01:5 RELEASE 208事件,OtherPlatReceiveNormalPoolServer服务撤销
2013-10-18 13:38:01:5 RELEASE 208事件,OtherPlatReceiveNormalPoolServer服务撤销
2013-10-18 13:38:01:5 RELEASE 204事件,OtherPlatReceiveNormalPoolServer服务终止
2013-10-18 13:38:01:5 RELEASE 业务程序停止！
2013-10-18 13:38:01:5 RELEASE 业务程序清除资源完成运行！
2013-10-18 13:40:08:6 RELEASE 业务程序初始化!
2013-10-18 13:40:08:6 RELEASE 101事件,MyProcessController启动!
2013-10-18 13:40:08:6 RELEASE 101事件,成功获得日志等级:RELEASE
2013-10-18 13:40:08:7 RELEASE 程序发生致命错误！终止运行错误描述注册出现错误
GCL.Bean.Middler.MiddlerException: Dll:COMPServer.dll
Type:COMPServer.PlatServer.PrcOtherPlatMSMQPoolServer
method:Constructor
para1:	GCL.Project.MyProcessController.XMLMSMQPoolServerStaregy
para2:	System.String[]
para3:	System.String[]
para4:	FormatName:DIRECT=TCP:10.120.10.51\private$\platproc
para5:	FormatName:DIRECT=TCP:10.120.10.51\private$\platproc
para6:	500
para7:	1
para8:	500
para9:	10
para10:	500
para11:	60000
 ---> System.MissingMethodException: 未找到类型“COMPServer.PlatServer.PrcOtherPlatMSMQPoolServer”上的构造函数。
   在 System.RuntimeType.CreateInstanceImpl(BindingFlags bindingAttr, Binder binder, Object[] args, CultureInfo culture, Object[] activationAttributes)
   在 GCL.Bean.BeanTool.CreateInstance(String assemblyName, String typeName, Object[] paras) 位置 F:\baibing\work\GCL\GCL\Bean\BeanTool.cs:行号 915
   在 GCL.Bean.Middler.ConstructorCreater.GetObject() 位置 F:\baibing\work\GCL\GCL\Bean\Middler\ConstructorCreater.cs:行号 19
   --- 内部异常堆栈跟踪的结尾 ---
   在 GCL.Bean.Middler.ConstructorCreater.GetObject() 位置 F:\baibing\work\GCL\GCL\Bean\Middler\ConstructorCreater.cs:行号 26
   在 GCL.Bean.Middler.AObjectContainer.CreateObject() 位置 F:\baibing\work\GCL\GCL\Bean\Middler\AObjectContainer.cs:行号 20
   在 GCL.Bean.Middler.StaticObjectContainer.GetValue() 位置 F:\baibing\work\GCL\GCL\Bean\Middler\StaticObjectContainer.cs:行号 20
   在 GCL.Bean.Middler.MiddlerConfig.GetValueByName(String key, String name) 位置 F:\baibing\work\GCL\GCL\Bean\Middler\MiddlerConfig.cs:行号 27
   在 GCL.Bean.Middler.NameMiddlerGetParameter.GetValue(MiddlerConfig config) 位置 F:\baibing\work\GCL\GCL\Bean\Middler\MiddlerGetParameter.cs:行号 56
   在 GCL.Bean.Middler.MiddlerConfig.GetValue(Object key) 位置 F:\baibing\work\GCL\GCL\Bean\Middler\MiddlerConfig.cs:行号 20
   在 GCL.IO.Config.ConfigManager.GetConfigValue(String config, Object key) 位置 F:\baibing\work\GCL\GCL\IO\Config\ConfigManager.cs:行号 114
   在 GCL.Bean.Middler.ObjectCreaterParameter.GetValue(ConfigManager config) 位置 F:\baibing\work\GCL\GCL\Bean\Middler\CreaterParameters.cs:行号 141
   在 GCL.Bean.Middler.CreaterParameters.GetParameters() 位置 F:\baibing\work\GCL\GCL\Bean\Middler\CreaterParameters.cs:行号 38
   在 GCL.Bean.Middler.ArrayObjectContainer.GetValue() 位置 F:\baibing\work\GCL\GCL\Bean\Middler\ArrayObjectContainer.cs:行号 32
   在 GCL.Bean.Middler.MiddlerConfig.GetValueByName(String key, String name) 位置 F:\baibing\work\GCL\GCL\Bean\Middler\MiddlerConfig.cs:行号 27
   在 GCL.Bean.Middler.NameMiddlerGetParameter.GetValue(MiddlerConfig config) 位置 F:\baibing\work\GCL\GCL\Bean\Middler\MiddlerGetParameter.cs:行号 56
   在 GCL.Bean.Middler.MiddlerConfig.GetValue(Object key) 位置 F:\baibing\work\GCL\GCL\Bean\Middler\MiddlerConfig.cs:行号 20
   在 GCL.IO.Config.ConfigManager.GetConfigValue(String config, Object key) 位置 F:\baibing\work\GCL\GCL\IO\Config\ConfigManager.cs:行号 114
   在 GCL.IO.Config.ConfigProxy.GetValue(Object key) 位置 F:\baibing\work\GCL\GCL\IO\Config\ConfigProxy.cs:行号 30
   在 GCL.Bean.Middler.Middler.GetObjectsByAppName(String app, String name) 位置 F:\baibing\work\GCL\GCL\Bean\Middler\Middler.cs:行号 47
   在 GCL.Project.MyProcessController.BClass.GetObjects(String key) 位置 F:\baibing\work\GCL\GCL.Project.MyProcessController\BClass.cs:行号 28
   在 GCL.Project.MyProcessController.BClass.Init() 位置 F:\baibing\work\GCL\GCL.Project.MyProcessController\BClass.cs:行号 74
2013-10-18 13:40:11:2 RELEASE 业务程序清除资源完成运行！
2013-10-18 13:40:22:2 RELEASE 业务程序初始化!
2013-10-18 13:40:22:2 RELEASE 101事件,MyProcessController启动!
2013-10-18 13:40:22:2 RELEASE 101事件,成功获得日志等级:RELEASE
2013-10-18 13:40:22:2 RELEASE 102事件,OtherPlatReceiveNormalPoolServer业务服务注册
2013-10-18 13:40:22:2 RELEASE 209事件,OtherPlatReceiveNormalPoolServer服务初始化
2013-10-18 13:40:22:3 RELEASE 210事件,OtherPlatReceiveNormalPoolServer服务准备就绪
2013-10-18 13:40:22:3 RELEASE 102事件,SendOtherPlatMSMQPoolServer业务服务注册
2013-10-18 13:40:22:3 RELEASE 209事件,SendOtherPlatMSMQPoolServer服务初始化
2013-10-18 13:40:22:3 RELEASE 210事件,SendOtherPlatMSMQPoolServer服务准备就绪
2013-10-18 13:40:22:3 RELEASE 101事件,业务服务注册成功!
2013-10-18 13:40:22:3 RELEASE 101事件,获得执行命令行!c:\b.txt {0}
2013-10-18 13:40:22:3 RELEASE 业务程序准备就绪！
2013-10-18 13:40:22:3 RELEASE 103事件,刷新Settings列表
2013-10-18 13:40:27:2 RELEASE 208事件,OtherPlatReceiveNormalPoolServer服务撤销
2013-10-18 13:40:27:2 RELEASE 208事件,OtherPlatReceiveNormalPoolServer服务撤销
2013-10-18 13:40:27:2 RELEASE 208事件,SendOtherPlatMSMQPoolServer服务撤销
2013-10-18 13:40:27:3 RELEASE 204事件,SendOtherPlatMSMQPoolServer服务终止
2013-10-18 13:40:27:3 RELEASE 业务程序停止！
2013-10-18 13:40:27:3 RELEASE 业务程序清除资源完成运行！
2013-10-18 13:43:01:7 RELEASE 业务程序初始化!
2013-10-18 13:43:01:7 RELEASE 101事件,MyProcessController启动!
2013-10-18 13:43:01:7 RELEASE 101事件,成功获得日志等级:RELEASE
2013-10-18 13:43:01:8 RELEASE 102事件,OtherPlatReceiveNormalPoolServer业务服务注册
2013-10-18 13:43:01:8 RELEASE 209事件,OtherPlatReceiveNormalPoolServer服务初始化
2013-10-18 13:43:01:8 RELEASE 210事件,OtherPlatReceiveNormalPoolServer服务准备就绪
2013-10-18 13:43:01:8 RELEASE 102事件,SendOtherPlatMSMQPoolServer业务服务注册
2013-10-18 13:43:01:8 RELEASE 209事件,SendOtherPlatMSMQPoolServer服务初始化
2013-10-18 13:43:01:8 RELEASE 210事件,SendOtherPlatMSMQPoolServer服务准备就绪
2013-10-18 13:43:01:8 RELEASE 101事件,业务服务注册成功!
2013-10-18 13:43:01:8 RELEASE 101事件,获得执行命令行!c:\b.txt {0}
2013-10-18 13:43:01:8 RELEASE 业务程序准备就绪！
2013-10-18 13:43:01:8 RELEASE 103事件,刷新Settings列表
2013-10-18 13:43:06:8 RELEASE 208事件,SendOtherPlatMSMQPoolServer服务撤销
2013-10-18 13:43:06:8 RELEASE 208事件,OtherPlatReceiveNormalPoolServer服务撤销
2013-10-18 13:43:06:8 RELEASE 208事件,SendOtherPlatMSMQPoolServer服务撤销
2013-10-18 13:43:06:8 RELEASE 204事件,OtherPlatReceiveNormalPoolServer服务终止
2013-10-18 13:43:06:8 RELEASE 业务程序停止！
2013-10-18 13:43:06:8 RELEASE 业务程序清除资源完成运行！
2013-10-18 13:43:58:5 RELEASE 业务程序初始化!
2013-10-18 13:43:58:5 RELEASE 101事件,MyProcessController启动!
2013-10-18 13:43:58:5 RELEASE 101事件,成功获得日志等级:RELEASE
2013-10-18 13:43:58:6 RELEASE 程序发生致命错误！终止运行错误描述注册出现错误
GCL.Bean.Middler.MiddlerException: Dll:COMPServer.dll
Type:COMPServer.PlatServer.PrcOtherPlatMSMQPoolServer
method:Constructor
para1:	GCL.Project.MyProcessController.XMLMSMQPoolServerStaregy
para2:	System.String[]
para3:	System.String[]
para4:	FormatName:DIRECT=TCP:10.120.10.51\private$\platproc
para5:	FormatName:DIRECT=TCP:10.120.10.51\private$\platproc
para6:	500
para7:	1
para8:	500
para9:	10
para10:	500
para11:	60000
 ---> System.Reflection.TargetInvocationException: 调用的目标发生了异常。 ---> System.NullReferenceException: 未将对象引用设置到对象的实例。
   在 COMPServer.PlatServer.PrcOtherPlatMSMQPoolServer..ctor(MSMQPoolServerStaregy formatterStaregy, String[] sendPaths, String[] syncPaths, String msmqPath, String backMsmqPath, Int32 timeOut, Int32 createrNum, Int32 createrWaittime, Int32 customerNum, Int32 customerWaittime, Int32 refreshWaittime) 位置 F:\baibing\work\CMOP\CMOP\CMOPModules\COMPServer\PlatServer\PrcOtherPlatMSMQPoolServer.cs:行号 40
   --- 内部异常堆栈跟踪的结尾 ---
   在 System.RuntimeMethodHandle._InvokeConstructor(IRuntimeMethodInfo method, Object[] args, SignatureStruct& signature, RuntimeType declaringType)
   在 System.Reflection.RuntimeConstructorInfo.Invoke(BindingFlags invokeAttr, Binder binder, Object[] parameters, CultureInfo culture)
   在 System.RuntimeType.CreateInstanceImpl(BindingFlags bindingAttr, Binder binder, Object[] args, CultureInfo culture, Object[] activationAttributes)
   在 GCL.Bean.BeanTool.CreateInstance(String assemblyName, String typeName, Object[] paras) 位置 F:\baibing\work\GCL\GCL\Bean\BeanTool.cs:行号 915
   在 GCL.Bean.Middler.ConstructorCreater.GetObject() 位置 F:\baibing\work\GCL\GCL\Bean\Middler\ConstructorCreater.cs:行号 19
   --- 内部异常堆栈跟踪的结尾 ---
   在 GCL.Bean.Middler.ConstructorCreater.GetObject() 位置 F:\baibing\work\GCL\GCL\Bean\Middler\ConstructorCreater.cs:行号 26
   在 GCL.Bean.Middler.AObjectContainer.CreateObject() 位置 F:\baibing\work\GCL\GCL\Bean\Middler\AObjectContainer.cs:行号 20
   在 GCL.Bean.Middler.StaticObjectContainer.GetValue() 位置 F:\baibing\work\GCL\GCL\Bean\Middler\StaticObjectContainer.cs:行号 20
   在 GCL.Bean.Middler.MiddlerConfig.GetValueByName(String key, String name) 位置 F:\baibing\work\GCL\GCL\Bean\Middler\MiddlerConfig.cs:行号 27
   在 GCL.Bean.Middler.NameMiddlerGetParameter.GetValue(MiddlerConfig config) 位置 F:\baibing\work\GCL\GCL\Bean\Middler\MiddlerGetParameter.cs:行号 56
   在 GCL.Bean.Middler.MiddlerConfig.GetValue(Object key) 位置 F:\baibing\work\GCL\GCL\Bean\Middler\MiddlerConfig.cs:行号 20
   在 GCL.IO.Config.ConfigManager.GetConfigValue(String config, Object key) 位置 F:\baibing\work\GCL\GCL\IO\Config\ConfigManager.cs:行号 114
   在 GCL.Bean.Middler.ObjectCreaterParameter.GetValue(ConfigManager config) 位置 F:\baibing\work\GCL\GCL\Bean\Middler\CreaterParameters.cs:行号 141
   在 GCL.Bean.Middler.CreaterParameters.GetParameters() 位置 F:\baibing\work\GCL\GCL\Bean\Middler\CreaterParameters.cs:行号 38
   在 GCL.Bean.Middler.ArrayObjectContainer.GetValue() 位置 F:\baibing\work\GCL\GCL\Bean\Middler\ArrayObjectContainer.cs:行号 32
   在 GCL.Bean.Middler.MiddlerConfig.GetValueByName(String key, String name) 位置 F:\baibing\work\GCL\GCL\Bean\Middler\MiddlerConfig.cs:行号 27
   在 GCL.Bean.Middler.NameMiddlerGetParameter.GetValue(MiddlerConfig config) 位置 F:\baibing\work\GCL\GCL\Bean\Middler\MiddlerGetParameter.cs:行号 56
   在 GCL.Bean.Middler.MiddlerConfig.GetValue(Object key) 位置 F:\baibing\work\GCL\GCL\Bean\Middler\MiddlerConfig.cs:行号 20
   在 GCL.IO.Config.ConfigManager.GetConfigValue(String config, Object key) 位置 F:\baibing\work\GCL\GCL\IO\Config\ConfigManager.cs:行号 114
   在 GCL.IO.Config.ConfigProxy.GetValue(Object key) 位置 F:\baibing\work\GCL\GCL\IO\Config\ConfigProxy.cs:行号 30
   在 GCL.Bean.Middler.Middler.GetObjectsByAppName(String app, String name) 位置 F:\baibing\work\GCL\GCL\Bean\Middler\Middler.cs:行号 47
   在 GCL.Project.MyProcessController.BClass.GetObjects(String key) 位置 F:\baibing\work\GCL\GCL.Project.MyProcessController\BClass.cs:行号 28
   在 GCL.Project.MyProcessController.BClass.Init() 位置 F:\baibing\work\GCL\GCL.Project.MyProcessController\BClass.cs:行号 74
2013-10-18 13:44:02:3 RELEASE 业务程序清除资源完成运行！
2013-10-18 13:45:44:3 RELEASE 业务程序初始化!
2013-10-18 13:45:44:3 RELEASE 101事件,MyProcessController启动!
2013-10-18 13:45:44:3 RELEASE 101事件,成功获得日志等级:RELEASE
2013-10-18 13:45:44:4 RELEASE 102事件,PrcOtherPlatMSMQPoolServer业务服务注册
2013-10-18 13:45:44:4 RELEASE 209事件,PrcOtherPlatMSMQPoolServer服务初始化
2013-10-18 13:45:44:4 RELEASE 210事件,PrcOtherPlatMSMQPoolServer服务准备就绪
2013-10-18 13:45:44:4 RELEASE 101事件,业务服务注册成功!
2013-10-18 13:45:44:4 RELEASE 101事件,获得执行命令行!c:\b.txt {0}
2013-10-18 13:45:44:4 RELEASE 业务程序准备就绪！
2013-10-18 13:45:44:4 RELEASE 103事件,刷新Settings列表
2013-10-18 13:45:54:4 RELEASE 208事件,PrcOtherPlatMSMQPoolServer服务撤销
2013-10-18 13:45:54:4 RELEASE 208事件,PrcOtherPlatMSMQPoolServer服务撤销
2013-10-18 13:45:54:4 RELEASE 204事件,PrcOtherPlatMSMQPoolServer服务终止
2013-10-18 13:45:54:4 RELEASE 业务程序停止！
2013-10-18 13:45:54:4 RELEASE 业务程序清除资源完成运行！
2013-10-18 13:46:12:7 RELEASE 业务程序初始化!
2013-10-18 13:46:12:7 RELEASE 101事件,MyProcessController启动!
2013-10-18 13:46:12:7 RELEASE 101事件,成功获得日志等级:RELEASE
2013-10-18 13:46:12:7 RELEASE 程序发生致命错误！终止运行错误描述注册出现错误
System.Exception: 未发现任何业务服务!
   在 GCL.Project.MyProcessController.BClass.Init() 位置 F:\baibing\work\GCL\GCL.Project.MyProcessController\BClass.cs:行号 77
2013-10-18 13:46:14:3 RELEASE 业务程序清除资源完成运行！
2013-10-18 13:46:25:1 RELEASE 业务程序初始化!
2013-10-18 13:46:25:1 RELEASE 101事件,MyProcessController启动!
2013-10-18 13:46:25:1 RELEASE 101事件,成功获得日志等级:RELEASE
2013-10-18 13:46:25:1 RELEASE 程序发生致命错误！终止运行错误描述注册出现错误
System.Exception: 未发现任何业务服务!
   在 GCL.Project.MyProcessController.BClass.Init() 位置 F:\baibing\work\GCL\GCL.Project.MyProcessController\BClass.cs:行号 77
2013-10-18 13:46:26:5 RELEASE 业务程序清除资源完成运行！
2013-10-18 13:46:39:5 RELEASE 业务程序初始化!
2013-10-18 13:46:39:5 RELEASE 101事件,MyProcessController启动!
2013-10-18 13:46:39:5 RELEASE 101事件,成功获得日志等级:RELEASE
2013-10-18 13:46:39:5 RELEASE 程序发生致命错误！终止运行错误描述注册出现错误
System.Exception: 未发现任何业务服务!
   在 GCL.Project.MyProcessController.BClass.Init() 位置 F:\baibing\work\GCL\GCL.Project.MyProcessController\BClass.cs:行号 77
2013-10-18 13:46:40:9 RELEASE 业务程序清除资源完成运行！
2013-10-18 13:49:34:0 RELEASE 业务程序初始化!
2013-10-18 13:49:34:0 RELEASE 101事件,MyProcessController启动!
2013-10-18 13:49:34:0 RELEASE 101事件,成功获得日志等级:RELEASE
2013-10-18 13:49:34:0 RELEASE 102事件,SyncOtherPlatMSMQPoolServer业务服务注册
2013-10-18 13:49:34:0 RELEASE 209事件,SyncOtherPlatMSMQPoolServer服务初始化
2013-10-18 13:49:34:0 RELEASE 210事件,SyncOtherPlatMSMQPoolServer服务准备就绪
2013-10-18 13:49:34:0 RELEASE 101事件,业务服务注册成功!
2013-10-18 13:49:34:0 RELEASE 101事件,获得执行命令行!c:\b.txt {0}
2013-10-18 13:49:34:0 RELEASE 业务程序准备就绪！
2013-10-18 13:49:34:0 RELEASE 103事件,刷新Settings列表
2013-10-18 13:49:44:0 RELEASE 208事件,SyncOtherPlatMSMQPoolServer服务撤销
2013-10-18 13:49:44:0 RELEASE 208事件,SyncOtherPlatMSMQPoolServer服务撤销
2013-10-18 13:49:44:0 RELEASE 204事件,SyncOtherPlatMSMQPoolServer服务终止
2013-10-18 13:49:44:0 RELEASE 业务程序停止！
2013-10-18 13:49:44:0 RELEASE 业务程序清除资源完成运行！
2013-10-18 13:51:57:0 RELEASE 业务程序初始化!
2013-10-18 13:51:57:0 RELEASE 101事件,MyProcessController启动!
2013-10-18 13:51:57:0 RELEASE 101事件,成功获得日志等级:RELEASE
2013-10-18 13:51:57:1 RELEASE 102事件,SyncOtherPlatPollPoolServer业务服务注册
2013-10-18 13:51:57:1 RELEASE 209事件,SyncOtherPlatPollPoolServer服务初始化
2013-10-18 13:51:57:1 RELEASE 210事件,SyncOtherPlatPollPoolServer服务准备就绪
2013-10-18 13:51:57:1 RELEASE 101事件,业务服务注册成功!
2013-10-18 13:51:57:1 RELEASE 101事件,获得执行命令行!c:\b.txt {0}
2013-10-18 13:51:57:1 RELEASE 业务程序准备就绪！
2013-10-18 13:51:57:1 RELEASE 103事件,刷新Settings列表
2013-10-18 13:51:59:9 RELEASE 业务程序启动！
2013-10-18 13:51:59:9 RELEASE 201事件,SyncOtherPlatPollPoolServer服务启动
2013-10-18 13:52:07:1 RELEASE 208事件,SyncOtherPlatPollPoolServer服务撤销
2013-10-18 13:52:07:1 RELEASE 208事件,SyncOtherPlatPollPoolServer服务撤销
2013-10-18 13:52:07:1 RELEASE 204事件,SyncOtherPlatPollPoolServer服务终止
2013-10-18 13:52:07:1 RELEASE 业务程序停止！
2013-10-18 13:52:07:1 RELEASE 业务程序清除资源完成运行！
2013-10-18 13:52:10:0 RELEASE 业务程序初始化!
2013-10-18 13:52:10:0 RELEASE 101事件,MyProcessController启动!
2013-10-18 13:52:10:0 RELEASE 101事件,成功获得日志等级:RELEASE
2013-10-18 13:52:10:1 RELEASE 102事件,SyncOtherPlatPollPoolServer业务服务注册
2013-10-18 13:52:10:1 RELEASE 209事件,SyncOtherPlatPollPoolServer服务初始化
2013-10-18 13:52:10:1 RELEASE 210事件,SyncOtherPlatPollPoolServer服务准备就绪
2013-10-18 13:52:10:1 RELEASE 101事件,业务服务注册成功!
2013-10-18 13:52:10:1 RELEASE 101事件,获得执行命令行!c:\b.txt {0}
2013-10-18 13:52:10:1 RELEASE 业务程序准备就绪！
2013-10-18 13:52:10:1 RELEASE 103事件,刷新Settings列表
2013-10-18 13:52:20:1 RELEASE 208事件,SyncOtherPlatPollPoolServer服务撤销
2013-10-18 13:52:20:1 RELEASE 208事件,SyncOtherPlatPollPoolServer服务撤销
2013-10-18 13:52:20:1 RELEASE 204事件,SyncOtherPlatPollPoolServer服务终止
2013-10-18 13:52:20:1 RELEASE 业务程序停止！
2013-10-18 13:52:20:1 RELEASE 业务程序清除资源完成运行！
2013-10-18 13:52:58:9 RELEASE 业务程序初始化!
2013-10-18 13:52:58:9 RELEASE 101事件,MyProcessController启动!
2013-10-18 13:52:58:9 RELEASE 101事件,成功获得日志等级:RELEASE
2013-10-18 13:52:58:9 RELEASE 102事件,SyncOtherPlatPollPoolServer业务服务注册
2013-10-18 13:52:58:9 RELEASE 209事件,SyncOtherPlatPollPoolServer服务初始化
2013-10-18 13:52:58:9 RELEASE 210事件,SyncOtherPlatPollPoolServer服务准备就绪
2013-10-18 13:52:58:9 RELEASE 101事件,业务服务注册成功!
2013-10-18 13:52:58:9 RELEASE 101事件,获得执行命令行!c:\b.txt {0}
2013-10-18 13:52:58:9 RELEASE 业务程序准备就绪！
2013-10-18 13:52:58:9 RELEASE 103事件,刷新Settings列表
2013-10-18 13:53:01:0 RELEASE 业务程序启动！
2013-10-18 13:53:01:1 RELEASE 201事件,SyncOtherPlatPollPoolServer服务启动
2013-10-18 13:53:18:9 RELEASE 208事件,SyncOtherPlatPollPoolServer服务撤销
2013-10-18 13:53:18:9 RELEASE 208事件,SyncOtherPlatPollPoolServer服务撤销
2013-10-18 13:53:18:9 RELEASE 204事件,SyncOtherPlatPollPoolServer服务终止
2013-10-18 13:53:18:9 RELEASE 业务程序停止！
2013-10-18 13:53:18:9 RELEASE 业务程序清除资源完成运行！
2013-10-18 13:54:26:3 RELEASE 业务程序初始化!
2013-10-18 13:54:26:3 RELEASE 101事件,MyProcessController启动!
2013-10-18 13:54:26:3 RELEASE 101事件,成功获得日志等级:RELEASE
2013-10-18 13:54:26:4 RELEASE 102事件,SyncOtherPlatPollPoolServer业务服务注册
2013-10-18 13:54:26:4 RELEASE 209事件,SyncOtherPlatPollPoolServer服务初始化
2013-10-18 13:54:26:4 RELEASE 210事件,SyncOtherPlatPollPoolServer服务准备就绪
2013-10-18 13:54:26:4 RELEASE 101事件,业务服务注册成功!
2013-10-18 13:54:26:4 RELEASE 101事件,获得执行命令行!c:\b.txt {0}
2013-10-18 13:54:26:4 RELEASE 业务程序准备就绪！
2013-10-18 13:54:26:4 RELEASE 103事件,刷新Settings列表
2013-10-18 13:54:28:6 RELEASE 业务程序启动！
2013-10-18 13:54:28:6 RELEASE 201事件,SyncOtherPlatPollPoolServer服务启动
2013-10-18 13:54:46:4 RELEASE 208事件,SyncOtherPlatPollPoolServer服务撤销
2013-10-18 13:54:46:4 RELEASE 208事件,SyncOtherPlatPollPoolServer服务撤销
2013-10-18 13:54:46:4 RELEASE 204事件,SyncOtherPlatPollPoolServer服务终止
2013-10-18 13:54:46:4 RELEASE 业务程序停止！
2013-10-18 13:54:46:4 RELEASE 业务程序清除资源完成运行！
2013-10-18 13:55:12:0 RELEASE 业务程序初始化!
2013-10-18 13:55:12:0 RELEASE 101事件,MyProcessController启动!
2013-10-18 13:55:12:0 RELEASE 101事件,成功获得日志等级:RELEASE
2013-10-18 13:55:12:1 RELEASE 102事件,SyncOtherPlatPollPoolServer业务服务注册
2013-10-18 13:55:12:1 RELEASE 209事件,SyncOtherPlatPollPoolServer服务初始化
2013-10-18 13:55:12:1 RELEASE 210事件,SyncOtherPlatPollPoolServer服务准备就绪
2013-10-18 13:55:12:1 RELEASE 101事件,业务服务注册成功!
2013-10-18 13:55:12:1 RELEASE 101事件,获得执行命令行!c:\b.txt {0}
2013-10-18 13:55:12:1 RELEASE 业务程序准备就绪！
2013-10-18 13:55:12:1 RELEASE 103事件,刷新Settings列表
2013-10-18 13:55:13:8 RELEASE 业务程序启动！
2013-10-18 13:55:13:8 RELEASE 201事件,SyncOtherPlatPollPoolServer服务启动
2013-10-18 13:55:22:1 RELEASE 208事件,SyncOtherPlatPollPoolServer服务撤销
2013-10-18 13:55:22:1 RELEASE 208事件,SyncOtherPlatPollPoolServer服务撤销
2013-10-18 13:55:22:1 RELEASE 204事件,SyncOtherPlatPollPoolServer服务终止
2013-10-18 13:55:22:1 RELEASE 业务程序停止！
2013-10-18 13:55:22:1 RELEASE 业务程序清除资源完成运行！
